<?xml version="1.0" encoding="UTF-8"?>
<testng-results ignored="0" total="6" passed="5" failed="1" skipped="0">
  <reporter-output>
  </reporter-output>
  <suite started-at="2025-09-07T12:48:39 IST" name="Suite" finished-at="2025-09-07T12:50:12 IST" duration-ms="93065">
    <groups>
    </groups>
    <test started-at="2025-09-07T12:48:39 IST" name="Test" finished-at="2025-09-07T12:50:12 IST" duration-ms="93065">
      <class name="testCase.EndToEndSearch">
        <test-method is-config="true" signature="setUp()[pri:0, instance:testCase.EndToEndSearch@544fa968]" started-at="2025-09-07T12:48:57 IST" name="setUp" finished-at="2025-09-07T12:49:00 IST" duration-ms="3722" status="PASS">
          <reporter-output>
          </reporter-output>
        </test-method> <!-- setUp -->
        <test-method signature="searchTest()[pri:0, instance:testCase.EndToEndSearch@544fa968]" started-at="2025-09-07T12:49:00 IST" name="searchTest" finished-at="2025-09-07T12:49:07 IST" duration-ms="6854" status="PASS">
          <reporter-output>
          </reporter-output>
        </test-method> <!-- searchTest -->
      </class> <!-- testCase.EndToEndSearch -->
      <class name="testCase.EndToEndWishlist">
        <test-method is-config="true" signature="setUp()[pri:0, instance:testCase.EndToEndWishlist@247bddad]" started-at="2025-09-07T12:49:07 IST" name="setUp" finished-at="2025-09-07T12:49:12 IST" duration-ms="5291" status="PASS">
          <reporter-output>
          </reporter-output>
        </test-method> <!-- setUp -->
        <test-method signature="wishlistTest()[pri:0, instance:testCase.EndToEndWishlist@247bddad]" started-at="2025-09-07T12:49:12 IST" name="wishlistTest" finished-at="2025-09-07T12:49:25 IST" duration-ms="12654" status="PASS">
          <reporter-output>
          </reporter-output>
        </test-method> <!-- wishlistTest -->
      </class> <!-- testCase.EndToEndWishlist -->
      <class name="testCase.EndToEndCart">
        <test-method is-config="true" signature="setUp()[pri:0, instance:testCase.EndToEndCart@d35dea7]" started-at="2025-09-07T12:49:25 IST" name="setUp" finished-at="2025-09-07T12:49:29 IST" duration-ms="3649" status="PASS">
          <reporter-output>
          </reporter-output>
        </test-method> <!-- setUp -->
        <test-method signature="cartTest()[pri:0, instance:testCase.EndToEndCart@d35dea7]" started-at="2025-09-07T12:49:29 IST" name="cartTest" finished-at="2025-09-07T12:49:39 IST" duration-ms="10541" status="PASS">
          <reporter-output>
          </reporter-output>
        </test-method> <!-- cartTest -->
      </class> <!-- testCase.EndToEndCart -->
      <class name="testCase.EndToEndLogin">
        <test-method is-config="true" signature="setUp()[pri:0, instance:testCase.EndToEndLogin@7817fd62]" started-at="2025-09-07T12:48:39 IST" name="setUp" finished-at="2025-09-07T12:48:43 IST" duration-ms="3912" status="PASS">
          <reporter-output>
          </reporter-output>
        </test-method> <!-- setUp -->
        <test-method signature="TC001_VerifyLoginCredentialValidData()[pri:1, instance:testCase.EndToEndLogin@7817fd62]" started-at="2025-09-07T12:48:43 IST" name="TC001_VerifyLoginCredentialValidData" finished-at="2025-09-07T12:48:44 IST" duration-ms="1196" status="FAIL">
          <exception class="java.lang.AssertionError">
            <message>
              <![CDATA[Login failed with error: Login was unsuccessful. Please correct the errors and try again.
No customer account found]]>
            </message>
            <full-stacktrace>
              <![CDATA[java.lang.AssertionError: Login failed with error: Login was unsuccessful. Please correct the errors and try again.
No customer account found
at org.testng.Assert.fail(Assert.java:111)
at testCase.EndToEndLogin.TC001_VerifyLoginCredentialValidData(EndToEndLogin.java:27)
at java.base/jdk.internal.reflect.NativeMethodAccessorImpl.invoke0(Native Method)
at java.base/jdk.internal.reflect.NativeMethodAccessorImpl.invoke(NativeMethodAccessorImpl.java:77)
at java.base/jdk.internal.reflect.DelegatingMethodAccessorImpl.invoke(DelegatingMethodAccessorImpl.java:43)
at java.base/java.lang.reflect.Method.invoke(Method.java:568)
at org.testng.internal.invokers.MethodInvocationHelper.invokeMethod(MethodInvocationHelper.java:141)
at org.testng.internal.invokers.TestInvoker.invokeMethod(TestInvoker.java:687)
at org.testng.internal.invokers.TestInvoker.invokeTestMethod(TestInvoker.java:230)
at org.testng.internal.invokers.MethodRunner.runInSequence(MethodRunner.java:63)
at org.testng.internal.invokers.TestInvoker$MethodInvocationAgent.invoke(TestInvoker.java:995)
at org.testng.internal.invokers.TestInvoker.invokeTestMethods(TestInvoker.java:203)
at org.testng.internal.invokers.TestMethodWorker.invokeTestMethods(TestMethodWorker.java:154)
at org.testng.internal.invokers.TestMethodWorker.run(TestMethodWorker.java:134)
at java.base/java.util.ArrayList.forEach(ArrayList.java:1511)
at org.testng.TestRunner.privateRun(TestRunner.java:741)
at org.testng.TestRunner.run(TestRunner.java:616)
at org.testng.SuiteRunner.runTest(SuiteRunner.java:421)
at org.testng.SuiteRunner.runSequentially(SuiteRunner.java:413)
at org.testng.SuiteRunner.privateRun(SuiteRunner.java:373)
at org.testng.SuiteRunner.run(SuiteRunner.java:312)
at org.testng.SuiteRunnerWorker.runSuite(SuiteRunnerWorker.java:52)
at org.testng.SuiteRunnerWorker.run(SuiteRunnerWorker.java:95)
at org.testng.TestNG.runSuitesSequentially(TestNG.java:1274)
at org.testng.TestNG.runSuitesLocally(TestNG.java:1208)
at org.testng.TestNG.runSuites(TestNG.java:1112)
at org.testng.TestNG.run(TestNG.java:1079)
at org.testng.remote.AbstractRemoteTestNG.run(AbstractRemoteTestNG.java:115)
at org.testng.remote.RemoteTestNG.initAndRun(RemoteTestNG.java:293)
at org.testng.remote.RemoteTestNG.main(RemoteTestNG.java:91)
]]>
            </full-stacktrace>
          </exception> <!-- java.lang.AssertionError -->
          <reporter-output>
          </reporter-output>
        </test-method> <!-- TC001_VerifyLoginCredentialValidData -->
      </class> <!-- testCase.EndToEndLogin -->
      <class name="testCase.EndToEndRegister">
        <test-method is-config="true" signature="setUp()[pri:0, instance:testCase.EndToEndRegister@3bd82cf5]" started-at="2025-09-07T12:48:44 IST" name="setUp" finished-at="2025-09-07T12:48:48 IST" duration-ms="3563" status="PASS">
          <reporter-output>
          </reporter-output>
        </test-method> <!-- setUp -->
        <test-method signature="regTest()[pri:0, instance:testCase.EndToEndRegister@3bd82cf5]" started-at="2025-09-07T12:48:48 IST" name="regTest" finished-at="2025-09-07T12:48:57 IST" duration-ms="8976" status="PASS">
          <reporter-output>
          </reporter-output>
        </test-method> <!-- regTest -->
      </class> <!-- testCase.EndToEndRegister -->
      <class name="testCase.EndToEndCheckout">
        <test-method is-config="true" signature="setUp()[pri:0, instance:testCase.EndToEndCheckout@7770f470]" started-at="2025-09-07T12:49:39 IST" name="setUp" finished-at="2025-09-07T12:49:43 IST" duration-ms="3505" status="PASS">
          <reporter-output>
          </reporter-output>
        </test-method> <!-- setUp -->
        <test-method signature="checkoutTest()[pri:0, instance:testCase.EndToEndCheckout@7770f470]" started-at="2025-09-07T12:49:43 IST" name="checkoutTest" finished-at="2025-09-07T12:50:12 IST" duration-ms="28846" status="PASS">
          <reporter-output>
          </reporter-output>
        </test-method> <!-- checkoutTest -->
      </class> <!-- testCase.EndToEndCheckout -->
    </test> <!-- Test -->
  </suite> <!-- Suite -->
</testng-results>
